<?xml version='1.0' encoding='UTF-8' ?>
<testsuite name="com.githukudenis.comlib.feature.settings.SettingsViewModelTest" tests="6" failures="0" errors="0" skipped="0" time="2.216" timestamp="2024-10-13T09:00:46" hostname="localhost">
  <properties>
    <property name="device" value="CPH2083 - 9" />
    <property name="flavor" value="" />
    <property name="project" value=":feature:settings" />
  </properties>
  <testcase name="testToggleChangeTheme" classname="com.githukudenis.comlib.feature.settings.SettingsViewModelTest" time="0.918" />
  <testcase name="testToggleAppearance" classname="com.githukudenis.comlib.feature.settings.SettingsViewModelTest" time="0.119" />
  <testcase name="testToggleNotifications" classname="com.githukudenis.comlib.feature.settings.SettingsViewModelTest" time="0.129" />
  <testcase name="testToggleClearCache" classname="com.githukudenis.comlib.feature.settings.SettingsViewModelTest" time="0.054" />
  <testcase name="testInitialization" classname="com.githukudenis.comlib.feature.settings.SettingsViewModelTest" time="0.129" />
  <testcase name="testChangeTheme" classname="com.githukudenis.comlib.feature.settings.SettingsViewModelTest" time="0.074" />
</testsuite>