<?xml version="1.0" encoding="UTF-8"?>
<testsuite name="com.githukudenis.comlib.feature.settings.SettingsViewModelTest" tests="6" skipped="0" failures="0" errors="0" timestamp="2024-10-16T15:11:51" hostname="githukudenis" time="2.708">
  <properties/>
  <testcase name="testToggleChangeTheme" classname="com.githukudenis.comlib.feature.settings.SettingsViewModelTest" time="2.544"/>
  <testcase name="testToggleAppearance" classname="com.githukudenis.comlib.feature.settings.SettingsViewModelTest" time="0.028"/>
  <testcase name="testToggleNotifications" classname="com.githukudenis.comlib.feature.settings.SettingsViewModelTest" time="0.031"/>
  <testcase name="testToggleClearCache" classname="com.githukudenis.comlib.feature.settings.SettingsViewModelTest" time="0.024"/>
  <testcase name="testInitialization" classname="com.githukudenis.comlib.feature.settings.SettingsViewModelTest" time="0.048"/>
  <testcase name="testChangeTheme" classname="com.githukudenis.comlib.feature.settings.SettingsViewModelTest" time="0.03"/>
  <system-out><![CDATA[]]></system-out>
  <system-err><![CDATA[]]></system-err>
</testsuite>
