<?xml version="1.0" encoding="UTF-8"?>
<testsuite name="com.githukudenis.comlib.feature.settings.SettingsViewModelTest" tests="6" skipped="0" failures="0" errors="0" timestamp="2024-10-16T19:13:50" hostname="githukudenis" time="1.827">
  <properties/>
  <testcase name="testToggleChangeTheme" classname="com.githukudenis.comlib.feature.settings.SettingsViewModelTest" time="1.74"/>
  <testcase name="testToggleAppearance" classname="com.githukudenis.comlib.feature.settings.SettingsViewModelTest" time="0.011"/>
  <testcase name="testToggleNotifications" classname="com.githukudenis.comlib.feature.settings.SettingsViewModelTest" time="0.018"/>
  <testcase name="testToggleClearCache" classname="com.githukudenis.comlib.feature.settings.SettingsViewModelTest" time="0.01"/>
  <testcase name="testInitialization" classname="com.githukudenis.comlib.feature.settings.SettingsViewModelTest" time="0.032"/>
  <testcase name="testChangeTheme" classname="com.githukudenis.comlib.feature.settings.SettingsViewModelTest" time="0.014"/>
  <system-out><![CDATA[]]></system-out>
  <system-err><![CDATA[]]></system-err>
</testsuite>
